<?xml version="1.0" encoding="UTF-8"?>
<robot generator="Robot 4.1.2 (Python 3.11.0a2 on darwin)" generated="20211213 17:28:47.574" rpa="false" schemaversion="2">
<suite id="s1" name="Test01" source="/Users/tam/Robot-Demo/test01.robot">
<test id="s1-t1" name="Register arbotena">
<kw name="Register arbotena" library="keyword-register">
<kw name="Open arbotena application" library="keyword-setup">
<kw name="Open Application" library="AppiumLibrary">
<arg>http://127.0.0.1:4723/wd/hub</arg>
<arg>platformName=${ANDROID_PLATFORM_NAME}</arg>
<arg>deviceName="emulator-5554"</arg>
<arg>platformVersion=${ANDROID_PLATFORM_VERSION}</arg>
<arg>app=${ANDROID_APP}</arg>
<doc>Opens a new application to given Appium server.
Capabilities of appium server, Android and iOS,
Please check https://github.com/appium/appium/blob/master/docs/en/writing-running-appium/server-args.md
| *Option*            | *Man.* | *Description*     |
| remote_url          | Yes    | Appium server url |
| alias               | no     | alias             |</doc>
<status status="PASS" starttime="20211213 17:28:47.835" endtime="20211213 17:29:00.438"/>
</kw>
<kw name="Sleep" library="BuiltIn">
<arg>3</arg>
<doc>Pauses the test executed for the given time.</doc>
<msg timestamp="20211213 17:29:03.439" level="INFO">Slept 3 seconds</msg>
<status status="PASS" starttime="20211213 17:29:00.438" endtime="20211213 17:29:03.439"/>
</kw>
<status status="PASS" starttime="20211213 17:28:47.835" endtime="20211213 17:29:03.439"/>
</kw>
<kw name="Click Text" library="AppiumLibrary">
<arg>Account anlegen</arg>
<doc>Click text identified by ``text``.</doc>
<status status="PASS" starttime="20211213 17:29:03.439" endtime="20211213 17:29:03.927"/>
</kw>
<kw name="Page Should Contain Text" library="AppiumLibrary">
<arg>Einloggen</arg>
<doc>Verifies that current page contains `text`.</doc>
<msg timestamp="20211213 17:29:04.069" level="INFO">Current page contains text 'Einloggen'.</msg>
<status status="PASS" starttime="20211213 17:29:03.927" endtime="20211213 17:29:04.069"/>
</kw>
<kw name="Wait Until Page Contains" library="AppiumLibrary">
<arg>E-Mail-Adresse</arg>
<doc>Waits until `text` appears on current page.</doc>
<status status="PASS" starttime="20211213 17:29:04.069" endtime="20211213 17:29:06.482"/>
</kw>
<kw name="Input Text" library="AppiumLibrary">
<arg>xpath=//hierarchy/android.widget.FrameLayout/android.widget.LinearLayout/android.widget.FrameLayout/android.widget.LinearLayout/android.widget.FrameLayout/android.widget.FrameLayout/android.view.ViewGroup/android.view.ViewGroup/android.view.ViewGroup/android.view.ViewGroup/android.view.ViewGroup/android.widget.ScrollView/android.view.ViewGroup/android.view.ViewGroup/android.view.ViewGroup[2]/android.widget.EditText</arg>
<arg>Test</arg>
<doc>Types the given `text` into text field identified by `locator`.</doc>
<msg timestamp="20211213 17:29:06.483" level="INFO">Typing text 'Test' into text field 'xpath=//hierarchy/android.widget.FrameLayout/android.widget.LinearLayout/android.widget.FrameLayout/android.widget.LinearLayout/android.widget.FrameLayout/android.widget.FrameLayout/android.view.ViewGroup/android.view.ViewGroup/android.view.ViewGroup/android.view.ViewGroup/android.view.ViewGroup/android.widget.ScrollView/android.view.ViewGroup/android.view.ViewGroup/android.view.ViewGroup[2]/android.widget.EditText'</msg>
<status status="PASS" starttime="20211213 17:29:06.482" endtime="20211213 17:29:06.781"/>
</kw>
<kw name="Wait Until Page Contains" library="AppiumLibrary">
<arg>Passwort</arg>
<doc>Waits until `text` appears on current page.</doc>
<status status="PASS" starttime="20211213 17:29:06.782" endtime="20211213 17:29:07.974"/>
</kw>
<kw name="Wait Until Page Contains" library="AppiumLibrary">
<arg>Passwort bestätigen</arg>
<doc>Waits until `text` appears on current page.</doc>
<status status="PASS" starttime="20211213 17:29:07.974" endtime="20211213 17:29:08.099"/>
</kw>
<kw name="Click Element" library="AppiumLibrary">
<arg>xpath=//hierarchy/android.widget.FrameLayout/android.widget.LinearLayout/android.widget.FrameLayout/android.widget.LinearLayout/android.widget.FrameLayout/android.widget.FrameLayout/android.view.ViewGroup/android.view.ViewGroup/android.view.ViewGroup/android.view.ViewGroup/android.view.ViewGroup/android.widget.ScrollView/android.view.ViewGroup/android.view.ViewGroup/android.view.ViewGroup[5]/android.view.View</arg>
<doc>Click element identified by `locator`.</doc>
<msg timestamp="20211213 17:29:08.101" level="INFO">Clicking element 'xpath=//hierarchy/android.widget.FrameLayout/android.widget.LinearLayout/android.widget.FrameLayout/android.widget.LinearLayout/android.widget.FrameLayout/android.widget.FrameLayout/android.view.ViewGroup/android.view.ViewGroup/android.view.ViewGroup/android.view.ViewGroup/android.view.ViewGroup/android.widget.ScrollView/android.view.ViewGroup/android.view.ViewGroup/android.view.ViewGroup[5]/android.view.View'.</msg>
<status status="PASS" starttime="20211213 17:29:08.099" endtime="20211213 17:29:08.413"/>
</kw>
<status status="PASS" starttime="20211213 17:28:47.835" endtime="20211213 17:29:08.413"/>
</kw>
<status status="PASS" starttime="20211213 17:28:47.834" endtime="20211213 17:29:08.413"/>
</test>
<status status="PASS" starttime="20211213 17:28:47.575" endtime="20211213 17:29:08.414"/>
</suite>
<statistics>
<total>
<stat pass="1" fail="0" skip="0">All Tests</stat>
</total>
<tag>
</tag>
<suite>
<stat pass="1" fail="0" skip="0" id="s1" name="Test01">Test01</stat>
</suite>
</statistics>
<errors>
</errors>
</robot>
